2026-03-20 22:10:02,811  INFO      DB config loaded → host=localhost:3306  db=nepse_db  user=root
2026-03-20 22:10:02,979  INFO      Database initialised ✓
2026-03-20 22:10:02,980  INFO      === Pipeline start | date=2026-03-19 ===
2026-03-20 22:10:02,980  INFO      Fetching data for 2026-03-19 …
2026-03-20 22:10:06,526  INFO      Found table with 342 rows, columns: ['S.No', 'Symbol', 'Conf.', 'Open', 'High', 'Low', 'Close', 'LTP', 'Close - LTP', 'Close - LTP %', 'VWAP', 'Vol', 'Prev. Close', 'Turnover', 'Trans.', 'Diff', 'Range', 'Diff %', 'Range %', 'VWAP %', '120 Days', '180 Days', '52 Weeks High', '52 Weeks Low']
2026-03-20 22:13:19,788  INFO      DB config loaded → host=localhost:3306  db=nepse_db  user=root
2026-03-20 22:13:19,881  INFO      Database initialised ✓
2026-03-20 22:13:19,882  INFO      === Pipeline start | date=2026-03-19 ===
2026-03-20 22:13:19,882  INFO      Fetching data for 2026-03-19 …
2026-03-20 22:13:23,467  INFO      Found table with 342 rows, columns: ['S.No', 'Symbol', 'Conf.', 'Open', 'High', 'Low', 'Close', 'LTP', 'Close - LTP', 'Close - LTP %', 'VWAP', 'Vol', 'Prev. Close', 'Turnover', 'Trans.', 'Diff', 'Range', 'Diff %', 'Range %', 'VWAP %', '120 Days', '180 Days', '52 Weeks High', '52 Weeks Low']
2026-03-20 22:13:23,471  INFO      Using 'LTP' as the close price column.
2026-03-20 22:13:23,471  INFO      Columns after rename: ['S.No', 'Symbol', 'Conf.', 'Open', 'High', 'Low', 'Close', 'Close', 'Close - LTP', 'Close - LTP %', 'VWAP', 'Vol', 'Prev. Close', 'Turnover', 'Trans.', 'Diff', 'Range', 'Diff %', 'Range %', 'VWAP %', '120 Days', '180 Days', '52 Weeks High', '52 Weeks Low']
2026-03-20 22:13:58,222  INFO      DB config loaded → host=localhost:3306  db=nepse_db  user=root
2026-03-20 22:13:58,281  INFO      Database initialised ✓
2026-03-20 22:13:58,281  INFO      === Pipeline start | date=2026-03-19 ===
2026-03-20 22:13:58,281  INFO      Fetching data for 2026-03-19 …
2026-03-20 22:14:08,965  INFO      Found table with 342 rows, columns: ['S.No', 'Symbol', 'Conf.', 'Open', 'High', 'Low', 'Close', 'LTP', 'Close - LTP', 'Close - LTP %', 'VWAP', 'Vol', 'Prev. Close', 'Turnover', 'Trans.', 'Diff', 'Range', 'Diff %', 'Range %', 'VWAP %', '120 Days', '180 Days', '52 Weeks High', '52 Weeks Low']
2026-03-20 22:14:08,968  INFO      Using 'LTP' as the close price column.
2026-03-20 22:14:08,969  INFO      Columns after rename: ['S.No', 'Symbol', 'Conf.', 'Open', 'High', 'Low', 'Close', 'Close', 'Close - LTP', 'Close - LTP %', 'VWAP', 'Vol', 'Prev. Close', 'Turnover', 'Trans.', 'Diff', 'Range', 'Diff %', 'Range %', 'VWAP %', '120 Days', '180 Days', '52 Weeks High', '52 Weeks Low']
2026-03-20 22:23:40,414  INFO      DB config loaded → host=localhost:3306  db=nepse_db  user=root
2026-03-20 22:23:40,546  INFO      Database initialised ✓
2026-03-20 22:23:40,547  INFO      === Pipeline start | date=2026-03-19 ===
2026-03-20 22:23:40,547  INFO      Fetching data for 2026-03-19 …
2026-03-20 22:23:45,227  INFO      Found table with 342 rows, columns: ['S.No', 'Symbol', 'Conf.', 'Open', 'High', 'Low', 'Close', 'LTP', 'Close - LTP', 'Close - LTP %', 'VWAP', 'Vol', 'Prev. Close', 'Turnover', 'Trans.', 'Diff', 'Range', 'Diff %', 'Range %', 'VWAP %', '120 Days', '180 Days', '52 Weeks High', '52 Weeks Low']
2026-03-20 22:23:45,232  INFO      Using 'LTP' as the close price column.
2026-03-20 22:23:45,233  INFO      Columns after rename: ['S.No', 'Symbol', 'Conf.', 'Open', 'High', 'Low', 'Close', 'Close', 'Close - LTP', 'Close - LTP %', 'VWAP', 'Vol', 'Prev. Close', 'Turnover', 'Trans.', 'Diff', 'Range', 'Diff %', 'Range %', 'VWAP %', '120 Days', '180 Days', '52 Weeks High', '52 Weeks Low']
2026-03-20 22:26:32,746  INFO      DB config loaded → host=localhost:3306  db=nepse_db  user=root
2026-03-20 22:26:32,827  INFO      Database initialised ✓
2026-03-20 22:26:32,828  INFO      === Pipeline start | date=2026-03-19 ===
2026-03-20 22:26:32,828  INFO      Fetching data for 2026-03-19 …
2026-03-20 22:26:36,453  INFO      Raw columns from site: ['S.No', 'Symbol', 'Conf.', 'Open', 'High', 'Low', 'Close', 'LTP', 'Close - LTP', 'Close - LTP %', 'VWAP', 'Vol', 'Prev. Close', 'Turnover', 'Trans.', 'Diff', 'Range', 'Diff %', 'Range %', 'VWAP %', '120 Days', '180 Days', '52 Weeks High', '52 Weeks Low']
2026-03-20 22:26:36,456  INFO      Mapped → symbol=Symbol open=Open high=High low=Low close=LTP vol=Vol turnover=Turnover
2026-03-20 22:26:36,475  INFO      Clean rows ready for DB: 342
2026-03-20 22:26:36,674  INFO      DB write complete — inserted: 342, updated: 0
2026-03-20 22:26:36,747  INFO      === Pipeline complete ✓ ===
2026-03-20 22:44:00,824  INFO      DB config loaded → host=localhost:3306  db=nepse_db  user=root
2026-03-20 22:44:00,953  INFO      Database initialised ✓
2026-03-20 22:44:00,954  INFO      === Pipeline start | date=2026-03-19 ===
2026-03-20 22:44:00,954  INFO      Fetching data for 2026-03-19 …
2026-03-20 22:44:04,344  INFO      Raw columns from site: ['S.No', 'Symbol', 'Conf.', 'Open', 'High', 'Low', 'Close', 'LTP', 'Close - LTP', 'Close - LTP %', 'VWAP', 'Vol', 'Prev. Close', 'Turnover', 'Trans.', 'Diff', 'Range', 'Diff %', 'Range %', 'VWAP %', '120 Days', '180 Days', '52 Weeks High', '52 Weeks Low']
2026-03-20 22:44:04,348  INFO      Mapped → symbol=Symbol open=Open high=High low=Low close=LTP vol=Vol turnover=Turnover
2026-03-20 22:44:04,363  INFO      Clean rows ready for DB: 342
2026-03-20 22:44:04,713  INFO      DB write complete — inserted: 0, updated: 342
2026-03-20 22:44:04,786  INFO      === Pipeline complete ✓ ===
2026-03-22 17:28:40,938  INFO      DB config loaded → host=localhost:3306  db=nepse_db  user=root
2026-03-22 17:29:10,570  INFO      DB config loaded → host=localhost:3306  db=nepse_db  user=root
2026-03-22 17:29:10,743  INFO      Database initialised ✓
2026-03-22 17:29:10,745  INFO      === Pipeline start | date=2026-03-22 ===
2026-03-22 17:29:10,745  INFO      Fetching data for 2026-03-22 …
2026-03-22 17:29:13,626  INFO      Raw columns from site: ['S.No', 'Symbol', 'Conf.', 'Open', 'High', 'Low', 'Close', 'LTP', 'Close - LTP', 'Close - LTP %', 'VWAP', 'Vol', 'Prev. Close', 'Turnover', 'Trans.', 'Diff', 'Range', 'Diff %', 'Range %', 'VWAP %', '120 Days', '180 Days', '52 Weeks High', '52 Weeks Low']
2026-03-22 17:29:13,631  INFO      Mapped → symbol=Symbol open=Open high=High low=Low close=LTP vol=Vol turnover=Turnover
2026-03-22 17:29:13,665  INFO      Clean rows ready for DB: 364
2026-03-22 17:29:14,055  INFO      DB write complete — inserted: 364, updated: 0
2026-03-22 17:29:14,138  INFO      === Pipeline complete ✓ ===
2026-03-22 19:44:41,673  INFO      DB: localhost:3306 / nepse_db
2026-03-22 19:44:41,738  INFO      Database initialised ✓
2026-03-22 19:44:41,738  INFO      === Pipeline | date=2026-03-22 force=False ===
2026-03-22 19:44:41,739  INFO      Skipping 2026-03-22 — weekend (NEPSE closed)
2026-03-22 19:44:41,766  ERROR     fetch_log write failed: 1265 (01000): Data truncated for column 'status' at row 1
