2026-03-22 20:38:17,884 INFO     Date range: 2025-12-22 → 2026-03-22
2026-03-22 20:38:17,884 INFO     Trading days to process: 65
2026-03-22 20:38:17,884 INFO     Estimated time: ~2.2 minutes
2026-03-22 20:38:17,884 INFO     ==================================================
2026-03-22 20:38:17,925 INFO     [2%] Fetching 2025-12-22…
2026-03-22 20:38:22,167 INFO       Saved 364 stocks — inserted:364 updated:0
2026-03-22 20:38:24,203 INFO     [3%] Fetching 2025-12-23…
2026-03-22 20:38:28,412 INFO       Saved 364 stocks — inserted:364 updated:0
2026-03-22 20:38:30,455 INFO     [5%] Fetching 2025-12-24…
2026-03-22 20:38:34,580 INFO       Saved 364 stocks — inserted:364 updated:0
2026-03-22 20:38:36,622 INFO     [6%] Fetching 2025-12-25…
2026-03-22 20:38:40,683 INFO       Saved 364 stocks — inserted:364 updated:0
2026-03-22 20:38:42,722 INFO     [8%] Fetching 2025-12-26…
2026-03-22 20:38:47,782 INFO       Saved 364 stocks — inserted:364 updated:0
2026-03-22 20:38:49,822 INFO     [9%] Fetching 2025-12-29…
2026-03-22 20:38:58,620 INFO       Saved 364 stocks — inserted:364 updated:0
2026-03-22 20:39:00,660 INFO     [11%] Fetching 2025-12-30…
2026-03-22 20:39:04,318 INFO       Saved 364 stocks — inserted:364 updated:0
2026-03-22 20:39:06,359 INFO     [12%] Fetching 2025-12-31…
2026-03-22 20:39:10,414 INFO       Saved 364 stocks — inserted:364 updated:0
2026-03-22 20:39:12,453 INFO     [14%] Fetching 2026-01-01…
2026-03-22 20:39:16,076 INFO       Saved 364 stocks — inserted:364 updated:0
2026-03-22 20:39:18,124 INFO     [15%] Fetching 2026-01-02…
2026-03-22 20:39:21,955 INFO       Saved 364 stocks — inserted:364 updated:0
2026-03-22 20:39:23,996 INFO     [17%] Fetching 2026-01-05…
2026-03-22 20:39:27,371 INFO       Saved 364 stocks — inserted:364 updated:0
2026-03-22 20:39:29,410 INFO     [18%] Fetching 2026-01-06…
2026-03-22 20:39:33,514 INFO       Saved 364 stocks — inserted:364 updated:0
2026-03-22 20:39:35,552 INFO     [20%] Fetching 2026-01-07…
2026-03-22 20:39:44,297 INFO       Saved 364 stocks — inserted:364 updated:0
2026-03-22 20:39:46,344 INFO     [22%] Fetching 2026-01-08…
2026-03-22 20:39:50,170 INFO       Saved 364 stocks — inserted:364 updated:0
2026-03-22 20:39:52,206 INFO     [23%] Fetching 2026-01-09…
2026-03-22 20:39:56,498 INFO       Saved 364 stocks — inserted:364 updated:0
2026-03-22 20:39:58,537 INFO     [25%] Fetching 2026-01-12…
2026-03-22 20:40:02,729 INFO       Saved 364 stocks — inserted:364 updated:0
2026-03-22 20:40:04,772 INFO     [26%] Fetching 2026-01-13…
2026-03-22 20:40:14,270 INFO       Saved 364 stocks — inserted:364 updated:0
2026-03-22 20:40:16,307 INFO     [28%] Fetching 2026-01-14…
2026-03-22 20:40:24,590 INFO       Saved 364 stocks — inserted:364 updated:0
2026-03-22 20:40:26,633 INFO     [29%] Fetching 2026-01-15…
2026-03-22 20:40:31,686 INFO       Saved 364 stocks — inserted:364 updated:0
2026-03-22 20:40:33,721 INFO     [31%] Fetching 2026-01-16…
2026-03-22 20:40:43,011 INFO       Saved 364 stocks — inserted:364 updated:0
2026-03-22 20:40:45,058 INFO     [32%] Fetching 2026-01-19…
2026-03-22 20:40:50,042 INFO       Saved 364 stocks — inserted:364 updated:0
2026-03-22 20:40:52,079 INFO     [34%] Fetching 2026-01-20…
2026-03-22 20:40:55,473 INFO       Saved 364 stocks — inserted:364 updated:0
2026-03-22 20:40:57,521 INFO     [35%] Fetching 2026-01-21…
2026-03-22 20:41:01,360 INFO       Saved 364 stocks — inserted:364 updated:0
2026-03-22 20:41:03,405 INFO     [37%] Fetching 2026-01-22…
2026-03-22 20:41:11,900 INFO       Saved 364 stocks — inserted:364 updated:0
2026-03-22 20:41:13,942 INFO     [38%] Fetching 2026-01-23…
2026-03-22 20:41:18,145 INFO       Saved 364 stocks — inserted:364 updated:0
2026-03-22 20:41:20,187 INFO     [40%] Fetching 2026-01-26…
2026-03-22 20:41:29,208 INFO       Saved 364 stocks — inserted:364 updated:0
2026-03-22 20:41:31,247 INFO     [42%] Fetching 2026-01-27…
2026-03-22 20:41:35,361 INFO       Saved 364 stocks — inserted:364 updated:0
2026-03-22 20:41:37,399 INFO     [43%] Fetching 2026-01-28…
2026-03-22 20:41:41,535 INFO       Saved 364 stocks — inserted:364 updated:0
2026-03-22 20:41:43,571 INFO     [45%] Fetching 2026-01-29…
2026-03-22 20:41:52,082 INFO       Saved 364 stocks — inserted:364 updated:0
2026-03-22 20:41:54,117 INFO     [46%] Fetching 2026-01-30…
2026-03-22 20:42:02,406 INFO       Saved 364 stocks — inserted:364 updated:0
2026-03-22 20:42:04,448 INFO     [48%] Fetching 2026-02-02…
2026-03-22 20:42:07,815 INFO       Saved 364 stocks — inserted:364 updated:0
2026-03-22 20:42:09,864 INFO     [49%] Fetching 2026-02-03…
2026-03-22 20:42:13,661 INFO       Saved 364 stocks — inserted:364 updated:0
2026-03-22 20:42:15,701 INFO     [51%] Fetching 2026-02-04…
2026-03-22 20:42:19,285 INFO       Saved 364 stocks — inserted:364 updated:0
2026-03-22 20:42:21,323 INFO     [52%] Fetching 2026-02-05…
2026-03-22 20:42:24,760 INFO       Saved 364 stocks — inserted:364 updated:0
2026-03-22 20:42:26,800 INFO     [54%] Fetching 2026-02-06…
2026-03-22 20:42:35,543 INFO       Saved 364 stocks — inserted:364 updated:0
2026-03-22 20:42:37,588 INFO     [55%] Fetching 2026-02-09…
2026-03-22 20:42:45,756 INFO       Saved 364 stocks — inserted:364 updated:0
2026-03-22 20:42:47,800 INFO     [57%] Fetching 2026-02-10…
2026-03-22 20:42:51,415 INFO       Saved 364 stocks — inserted:364 updated:0
2026-03-22 20:42:53,456 INFO     [58%] Fetching 2026-02-11…
2026-03-22 20:43:01,683 INFO       Saved 364 stocks — inserted:364 updated:0
2026-03-22 20:43:03,722 INFO     [60%] Fetching 2026-02-12…
2026-03-22 20:43:07,653 INFO       Saved 364 stocks — inserted:364 updated:0
2026-03-22 20:43:09,691 INFO     [62%] Fetching 2026-02-13…
2026-03-22 20:43:13,451 INFO       Saved 364 stocks — inserted:364 updated:0
2026-03-22 20:43:15,491 INFO     [63%] Fetching 2026-02-16…
2026-03-22 20:43:23,964 INFO       Saved 364 stocks — inserted:364 updated:0
2026-03-22 20:43:25,993 INFO     [65%] Fetching 2026-02-17…
2026-03-22 20:43:35,094 INFO       Saved 364 stocks — inserted:364 updated:0
2026-03-22 20:43:37,130 INFO     [66%] Fetching 2026-02-18…
2026-03-22 20:43:40,419 INFO       Saved 364 stocks — inserted:364 updated:0
2026-03-22 20:43:42,459 INFO     [68%] Fetching 2026-02-19…
2026-03-22 20:43:46,180 INFO       Saved 364 stocks — inserted:364 updated:0
2026-03-22 20:43:48,219 INFO     [69%] Fetching 2026-02-20…
2026-03-22 20:43:51,592 INFO       Saved 364 stocks — inserted:364 updated:0
2026-03-22 20:43:53,635 INFO     [71%] Fetching 2026-02-23…
2026-03-22 20:43:58,418 INFO       Saved 364 stocks — inserted:364 updated:0
2026-03-22 20:44:00,461 INFO     [72%] Fetching 2026-02-24…
2026-03-22 20:44:04,185 INFO       Saved 364 stocks — inserted:364 updated:0
2026-03-22 20:44:06,229 INFO     [74%] Fetching 2026-02-25…
2026-03-22 20:44:09,581 INFO       Saved 364 stocks — inserted:364 updated:0
2026-03-22 20:44:11,615 INFO     [75%] Fetching 2026-02-26…
2026-03-22 20:44:15,600 INFO       Saved 364 stocks — inserted:364 updated:0
2026-03-22 20:44:17,639 INFO     [77%] Fetching 2026-02-27…
2026-03-22 20:44:26,635 INFO       Saved 364 stocks — inserted:364 updated:0
2026-03-22 20:44:28,665 INFO     [78%] Fetching 2026-03-02…
2026-03-22 20:44:32,124 INFO       Saved 364 stocks — inserted:364 updated:0
2026-03-22 20:44:34,152 INFO     [80%] Fetching 2026-03-03…
2026-03-22 20:44:37,870 INFO       Saved 364 stocks — inserted:364 updated:0
2026-03-22 20:44:39,910 INFO     [82%] Fetching 2026-03-04…
2026-03-22 20:44:43,775 INFO       Saved 364 stocks — inserted:364 updated:0
2026-03-22 20:44:45,813 INFO     [83%] Fetching 2026-03-05…
2026-03-22 20:44:49,721 INFO       Saved 364 stocks — inserted:364 updated:0
2026-03-22 20:44:51,763 INFO     [85%] Fetching 2026-03-06…
2026-03-22 20:44:55,729 INFO       Saved 364 stocks — inserted:364 updated:0
2026-03-22 20:44:57,774 INFO     [86%] Fetching 2026-03-09…
2026-03-22 20:45:01,124 INFO       Saved 364 stocks — inserted:364 updated:0
2026-03-22 20:45:03,163 INFO     [88%] Fetching 2026-03-10…
2026-03-22 20:45:06,797 INFO       Saved 364 stocks — inserted:364 updated:0
2026-03-22 20:45:08,837 INFO     [89%] Fetching 2026-03-11…
2026-03-22 20:45:12,441 INFO       Saved 364 stocks — inserted:364 updated:0
2026-03-22 20:45:14,483 INFO     [91%] Fetching 2026-03-12…
2026-03-22 20:45:18,472 INFO       Saved 364 stocks — inserted:364 updated:0
2026-03-22 20:45:20,518 INFO     [92%] Fetching 2026-03-13…
2026-03-22 20:45:24,806 INFO       Saved 364 stocks — inserted:364 updated:0
2026-03-22 20:45:26,853 INFO     [94%] Fetching 2026-03-16…
2026-03-22 20:45:31,092 INFO       Saved 364 stocks — inserted:364 updated:0
2026-03-22 20:45:33,130 INFO     [95%] Fetching 2026-03-17…
2026-03-22 20:45:36,883 INFO       Saved 364 stocks — inserted:364 updated:0
2026-03-22 20:45:38,919 INFO     [97%] Fetching 2026-03-18…
2026-03-22 20:45:43,467 INFO       Saved 364 stocks — inserted:364 updated:0
2026-03-22 20:45:45,512 INFO     [98%] 2026-03-19 — already in DB, skipping
2026-03-22 20:45:45,550 INFO     [100%] Fetching 2026-03-20…
2026-03-22 20:45:48,865 INFO       Saved 364 stocks — inserted:364 updated:0
2026-03-22 20:45:48,865 INFO     ==================================================
2026-03-22 20:45:48,865 INFO     Done! Fetched: 64 | Skipped: 1 | Failed: 0
2026-03-22 20:45:48,865 INFO     Total dates now in DB: check with: SELECT COUNT(DISTINCT trading_date) FROM stocks;
